<?xml version="1.0" encoding="UTF-8"?>
<!-- Generated by org.testng.reporters.JUnitXMLReporter -->
<testsuite ignored="17" hostname="Samyak6-MainCabin" failures="0" tests="1" name="Default test" time="0.081" errors="0" timestamp="2025-01-27T10:11:33 IST">
  <testcase classname="utils.BaseTest" name="@BeforeSuite beforeSuite" time="1.863">
    <failure type="java.lang.RuntimeException" message="Error in @BeforeSuite: A JSONObject text must begin with &amp;apos;{&amp;apos; at 1 [character 2 line 1]">
      <![CDATA[java.lang.RuntimeException: Error in @BeforeSuite: A JSONObject text must begin with '{' at 1 [character 2 line 1]
at utils.BaseTest.beforeSuite(BaseTest.java:50)
at java.base/jdk.internal.reflect.DirectMethodHandleAccessor.invoke(DirectMethodHandleAccessor.java:103)
at java.base/java.lang.reflect.Method.invoke(Method.java:580)
at org.testng.internal.MethodInvocationHelper.invokeMethod(MethodInvocationHelper.java:133)
at org.testng.internal.MethodInvocationHelper.invokeMethodConsideringTimeout(MethodInvocationHelper.java:62)
at org.testng.internal.ConfigInvoker.invokeConfigurationMethod(ConfigInvoker.java:385)
at org.testng.internal.ConfigInvoker.invokeConfigurations(ConfigInvoker.java:321)
at org.testng.SuiteRunner.privateRun(SuiteRunner.java:317)
at org.testng.SuiteRunner.run(SuiteRunner.java:276)
at org.testng.SuiteRunnerWorker.runSuite(SuiteRunnerWorker.java:53)
at org.testng.SuiteRunnerWorker.run(SuiteRunnerWorker.java:96)
at org.testng.TestNG.runSuitesSequentially(TestNG.java:1212)
at org.testng.TestNG.runSuitesLocally(TestNG.java:1134)
at org.testng.TestNG.runSuites(TestNG.java:1063)
at org.testng.TestNG.run(TestNG.java:1031)
at org.testng.remote.AbstractRemoteTestNG.run(AbstractRemoteTestNG.java:115)
at org.testng.remote.RemoteTestNG.initAndRun(RemoteTestNG.java:293)
at org.testng.remote.RemoteTestNG.main(RemoteTestNG.java:91)
Caused by: org.json.JSONException: A JSONObject text must begin with '{' at 1 [character 2 line 1]
at org.json.JSONTokener.syntaxError(JSONTokener.java:503)
at org.json.JSONObject.<init>(JSONObject.java:213)
at org.json.JSONObject.<init>(JSONObject.java:430)
at utils.BaseTest.beforeSuite(BaseTest.java:39)
... 17 more
]]>
    </failure>
  </testcase> <!-- @BeforeSuite beforeSuite -->
  <testcase classname="admin.AuctionController" name="test01PutAuctionId" time="0.0">
    <skipped/>
  </testcase> <!-- test01PutAuctionId -->
  <testcase classname="admin.AuctionController" name="test11GetAuctionsJewellery" time="0.0">
    <ignored/>
  </testcase> <!-- test11GetAuctionsJewellery -->
  <testcase classname="admin.AuctionController" name="test06GetAuctions" time="0.0">
    <ignored/>
  </testcase> <!-- test06GetAuctions -->
  <testcase classname="admin.AuctionController" name="test14GetSAuctionFinishedDiamond" time="0.0">
    <ignored/>
  </testcase> <!-- test14GetSAuctionFinishedDiamond -->
  <testcase classname="admin.AuctionController" name="test12GetAuctionsInactive" time="0.0">
    <ignored/>
  </testcase> <!-- test12GetAuctionsInactive -->
  <testcase classname="admin.AuctionController" name="test07GetAuctionView" time="0.0">
    <ignored/>
  </testcase> <!-- test07GetAuctionView -->
  <testcase classname="admin.AuctionController" name="test15GetAuctionsFinishedAndEndDiamond" time="0.0">
    <ignored/>
  </testcase> <!-- test15GetAuctionsFinishedAndEndDiamond -->
  <testcase classname="admin.AuctionController" name="test02DeleteAuctionId" time="0.0">
    <ignored/>
  </testcase> <!-- test02DeleteAuctionId -->
  <testcase classname="admin.AuctionController" name="test18GetAuctionByActive" time="0.0">
    <ignored/>
  </testcase> <!-- test18GetAuctionByActive -->
  <testcase classname="admin.AuctionController" name="test09GetAuctionsUpcomingJewellery" time="0.0">
    <ignored/>
  </testcase> <!-- test09GetAuctionsUpcomingJewellery -->
  <testcase classname="admin.AuctionController" name="test17GetAuctionsDiamond" time="0.0">
    <ignored/>
  </testcase> <!-- test17GetAuctionsDiamond -->
  <testcase classname="admin.AuctionController" name="test08GetAuctionsUpcoming" time="0.0">
    <ignored/>
  </testcase> <!-- test08GetAuctionsUpcoming -->
  <testcase classname="admin.AuctionController" name="test10GetAuctionsUpcomingDiamond" time="0.0">
    <ignored/>
  </testcase> <!-- test10GetAuctionsUpcomingDiamond -->
  <testcase classname="admin.AuctionController" name="test04PostAuctionSupplierUpdateEmails" time="0.0">
    <ignored/>
  </testcase> <!-- test04PostAuctionSupplierUpdateEmails -->
  <testcase classname="admin.AuctionController" name="test05PostAuctionSentEmails" time="0.0">
    <ignored/>
  </testcase> <!-- test05PostAuctionSentEmails -->
  <testcase classname="admin.AuctionController" name="test16GetAuctionsEvents" time="0.0">
    <ignored/>
  </testcase> <!-- test16GetAuctionsEvents -->
  <testcase classname="admin.AuctionController" name="test13GetAuctionsFinishedJewellery" time="0.0">
    <ignored/>
  </testcase> <!-- test13GetAuctionsFinishedJewellery -->
  <testcase classname="admin.AuctionController" name="test03PostAuction" time="0.0">
    <ignored/>
  </testcase> <!-- test03PostAuction -->
</testsuite> <!-- Default test -->
