<?xml version="1.0" encoding="UTF-8"?>
<!-- Generated by org.testng.reporters.JUnitXMLReporter -->
<testsuite ignored="74" hostname="Samyak6-MainCabin" failures="31" tests="144" name="admin" time="28.278" errors="0" timestamp="2025-01-21T17:06:08 IST">
  <testcase classname="admin.UserController" name="test01GetUserDetails" time="0.246"/>
  <testcase classname="admin.UserController" name="test07GetKycByUserId" time="0.074">
    <failure type="java.lang.AssertionError" message="Request failed due to token expiration.">
      <![CDATA[java.lang.AssertionError: Request failed due to token expiration.
at admin.UserController.test07GetKycByUserId(UserController.java:197)
at java.base/java.util.ArrayList.forEach(ArrayList.java:1597)
... Removed 26 stack frames]]>
    </failure>
  </testcase> <!-- test07GetKycByUserId -->
  <testcase classname="admin.UserController" name="test08GetSupplierDetailsByAuctionId" time="0.389"/>
  <testcase classname="admin.UserController" name="test09GetAppliedUsersKyc" time="0.047"/>
  <testcase classname="admin.UserController" name="test10GetInactiveUsers" time="0.172"/>
  <testcase classname="admin.AuctionController" name="test01PutAuctionId" time="0.069"/>
  <testcase classname="admin.AuctionController" name="test02DeleteAuctionId" time="0.051"/>
  <testcase classname="admin.AuctionController" name="test03PostAuction" time="0.056"/>
  <testcase classname="admin.AuctionController" name="test04PostAuctionSupplierUpdateEmails" time="0.053"/>
  <testcase classname="admin.AuctionController" name="test05PostAuctionSentEmails" time="0.05"/>
  <testcase classname="admin.AuctionController" name="test06GetAuctions" time="0.143"/>
  <testcase classname="admin.AuctionController" name="test07GetAuctionView" time="0.041"/>
  <testcase classname="admin.AuctionController" name="test08GetAuctionsUpcoming" time="0.086"/>
  <testcase classname="admin.AuctionController" name="test09GetAuctionsUpcomingJewellery" time="0.05"/>
  <testcase classname="admin.AuctionController" name="test10GetAuctionsUpcomingDiamond" time="0.046"/>
  <testcase classname="admin.AuctionController" name="test11GetAuctionsJewellery" time="0.048"/>
  <testcase classname="admin.AuctionController" name="test12GetAuctionsInactive" time="0.051"/>
  <testcase classname="admin.AuctionController" name="test13GetAuctionsFinishedJewellery" time="0.052"/>
  <testcase classname="admin.AuctionController" name="test14GetSAuctionFinishedDiamond" time="0.046"/>
  <testcase classname="admin.AuctionController" name="test15GetAuctionsFinishedAndEndDiamond" time="0.047"/>
  <testcase classname="admin.AuctionController" name="test16GetAuctionsEvents" time="0.054"/>
  <testcase classname="admin.AuctionController" name="test17GetAuctionsDiamond" time="0.04"/>
  <testcase classname="admin.AuctionController" name="test18GetAuctionByActive" time="0.046"/>
  <testcase classname="admin.AuthenticationController" name="test01AuthRegister" time="0.146"/>
  <testcase classname="admin.AuthenticationController" name="test02AuthRegisterAll" time="0.076"/>
  <testcase classname="admin.BidderSupplierSummaryController" name="test01GetSupplierSummary" time="0.045"/>
  <testcase classname="admin.BidderSupplierSummaryController" name="test02GetDetailedSupplierSummary" time="0.045"/>
  <testcase classname="admin.BidderSupplierSummaryController" name="test03GetDetailedBidderSummary" time="0.045">
    <failure type="java.lang.AssertionError" message="Request failed due to token expiration.">
      <![CDATA[java.lang.AssertionError: Request failed due to token expiration.
at admin.BidderSupplierSummaryController.test03GetDetailedBidderSummary(BidderSupplierSummaryController.java:169)
at java.base/java.util.ArrayList.forEach(ArrayList.java:1597)
... Removed 26 stack frames]]>
    </failure>
  </testcase> <!-- test03GetDetailedBidderSummary -->
  <testcase classname="admin.BidderSupplierSummaryController" name="test04GetBiddersSummary" time="1.925"/>
  <testcase classname="admin.CompanyController" name="test01PutCompnayId" time="0.05"/>
  <testcase classname="admin.CompanyController" name="test03PostCompany" time="0.078">
    <failure type="java.lang.AssertionError" message="Expected 200 OK or 201 Created, but got: 500 expected [true] but found [false]">
      <![CDATA[java.lang.AssertionError: Expected 200 OK or 201 Created, but got: 500 expected [true] but found [false]
at admin.CompanyController.test03PostCompany(CompanyController.java:173)
at java.base/java.util.ArrayList.forEach(ArrayList.java:1597)
... Removed 28 stack frames]]>
    </failure>
  </testcase> <!-- test03PostCompany -->
  <testcase classname="admin.CompanyController" name="tset02GetCompnay" time="0.084"/>
  <testcase classname="admin.CountryController" name="test01GetCountryId" time="0.03"/>
  <testcase classname="admin.CountryController" name="test02PutCountryId" time="0.033"/>
  <testcase classname="admin.CountryController" name="test03PostCountry" time="0.041"/>
  <testcase classname="admin.CountryController" name="test04GetCountries" time="0.04"/>
  <testcase classname="admin.CutController" name="test01PutCutId" time="0.068"/>
  <testcase classname="admin.CutController" name="test02PostCut" time="0.033">
    <failure type="java.lang.AssertionError" message="Expected 200 OK or 201 Created, but got: 409 expected [true] but found [false]">
      <![CDATA[java.lang.AssertionError: Expected 200 OK or 201 Created, but got: 409 expected [true] but found [false]
at admin.CutController.test02PostCut(CutController.java:131)
at java.base/java.util.ArrayList.forEach(ArrayList.java:1597)
... Removed 28 stack frames]]>
    </failure>
  </testcase> <!-- test02PostCut -->
  <testcase classname="admin.CutController" name="test03PostCutExcel" time="0.96"/>
  <testcase classname="admin.CutController" name="test04GetCuts" time="0.157"/>
  <testcase classname="admin.DatabaseBackupController" name="test01PostStart" time="0.034"/>
  <testcase classname="admin.DatabaseBackupController" name="test02GetStatus" time="0.032">
    <failure type="java.lang.AssertionError" message="Expected 200 OK, but got: 500 expected [200] but found [500]">
      <![CDATA[java.lang.AssertionError: Expected 200 OK, but got: 500 expected [200] but found [500]
at admin.DatabaseBackupController.test02GetStatus(DatabaseBackupController.java:115)
at java.base/java.util.ArrayList.forEach(ArrayList.java:1597)
... Removed 30 stack frames]]>
    </failure>
  </testcase> <!-- test02GetStatus -->
  <testcase classname="admin.DatabaseBackupController" name="test03GetBackupurl" time="0.663"/>
  <testcase classname="admin.FilterController" name="test01GetFilter" time="0.798"/>
  <testcase classname="admin.FluoresceneController" name="test01PutFluoresceneID" time="0.041"/>
  <testcase classname="admin.FluoresceneController" name="test02PostFluorescene" time="0.03">
    <failure type="java.lang.AssertionError" message="Expected 200 OK or 201 Created, but got: 409 expected [true] but found [false]">
      <![CDATA[java.lang.AssertionError: Expected 200 OK or 201 Created, but got: 409 expected [true] but found [false]
at admin.FluoresceneController.test02PostFluorescene(FluoresceneController.java:131)
at java.base/java.util.ArrayList.forEach(ArrayList.java:1597)
... Removed 28 stack frames]]>
    </failure>
  </testcase> <!-- test02PostFluorescene -->
  <testcase classname="admin.FluoresceneController" name="test04GetFluorescenes" time="0.119"/>
  <testcase classname="admin.FluoresceneController" name="tset03PostFluoresceneExcel" time="0.111"/>
  <testcase classname="admin.ForgotPasswordController" name="test01AuthResetPassword" time="0.044">
    <failure type="java.lang.AssertionError" message="Expected 200 OK or 201 Created, but got: 400 expected [true] but found [false]">
      <![CDATA[java.lang.AssertionError: Expected 200 OK or 201 Created, but got: 400 expected [true] but found [false]
at admin.ForgotPasswordController.test01AuthResetPassword(ForgotPasswordController.java:69)
at java.base/java.util.ArrayList.forEach(ArrayList.java:1597)
... Removed 28 stack frames]]>
    </failure>
  </testcase> <!-- test01AuthResetPassword -->
  <testcase classname="admin.ForgotPasswordController" name="test02AuthForgotPassword" time="0.052">
    <failure type="java.lang.AssertionError" message="Expected 200 OK or 201 Created, but got: 400 expected [true] but found [false]">
      <![CDATA[java.lang.AssertionError: Expected 200 OK or 201 Created, but got: 400 expected [true] but found [false]
at admin.ForgotPasswordController.test02AuthForgotPassword(ForgotPasswordController.java:121)
at java.base/java.util.ArrayList.forEach(ArrayList.java:1597)
... Removed 28 stack frames]]>
    </failure>
  </testcase> <!-- test02AuthForgotPassword -->
  <testcase classname="admin.GSBController" name="loginToSystem" time="0.046">
    <failure type="java.lang.AssertionError" message="Request failed due to token expiration.">
      <![CDATA[java.lang.AssertionError: Request failed due to token expiration.
at admin.GSBController.loginToSystem(GSBController.java:43)
at java.base/java.util.ArrayList.forEach(ArrayList.java:1597)
... Removed 26 stack frames]]>
    </failure>
  </testcase> <!-- loginToSystem -->
  <testcase classname="admin.InvoiceDetailsController" name="test01UserIdAuctionId" time="0.04"/>
  <testcase classname="admin.InvoiceDetailsController" name="test02InvoiceDetails" time="0.036"/>
  <testcase classname="admin.InvoiceDetailsController" name="test03InvoiceDetailsAllAuctionId" time="0.261"/>
  <testcase classname="admin.InvoiceDetailsController" name="test04InvoiceDetailUserIdAuctionId" time="0.036"/>
  <testcase classname="admin.InvoiceDetailsController" name="test05invoideDetailsAll" time="0.036"/>
  <testcase classname="admin.InvoiceListController" name="test01GetPastInvoiceList" time="0.032"/>
  <testcase classname="admin.InvoiceListController" name="test02GetInvoiceList" time="0.038"/>
  <testcase classname="admin.InvoiceListController" name="test03GetHoldInvoiceList" time="0.079"/>
  <testcase classname="admin.LedgerController" name="test01LedgerLedgerId" time="0.032"/>
  <testcase classname="admin.LedgerController" name="test02Ledger" time="0.03">
    <failure type="java.lang.AssertionError" message="Expected 200 OK or 201 Created, but got: 409 expected [true] but found [false]">
      <![CDATA[java.lang.AssertionError: Expected 200 OK or 201 Created, but got: 409 expected [true] but found [false]
at admin.LedgerController.test02Ledger(LedgerController.java:136)
at java.base/java.util.ArrayList.forEach(ArrayList.java:1597)
... Removed 28 stack frames]]>
    </failure>
  </testcase> <!-- test02Ledger -->
  <testcase classname="admin.LedgerController" name="test03Ledgers" time="0.034"/>
  <testcase classname="admin.LotDiamondBidController" name="test01LotDiamondNegotiation" time="0.038"/>
  <testcase classname="admin.LotDiamondBidController" name="test02LotDiamondSearch" time="0.095"/>
  <testcase classname="admin.LotDiamondBidController" name="test03LotDiamondSearchPage" time="0.089"/>
  <testcase classname="admin.LotDiamondBidController" name="test04LotDiamondRemark" time="0.014">
    <failure type="java.lang.IllegalArgumentException" message="Invalid number of path parameters. Expected 0, was 1. Redundant path parameters are: auctionId=3fa85f64-5717-4562-b3fc-2c963f66afa6.">
      <![CDATA[java.lang.IllegalArgumentException: Invalid number of path parameters. Expected 0, was 1. Redundant path parameters are: auctionId=3fa85f64-5717-4562-b3fc-2c963f66afa6.
at org.codehaus.groovy.runtime.callsite.ConstructorSite$ConstructorSiteNoUnwrap.callConstructor(ConstructorSite.java:86)
at org.codehaus.groovy.runtime.callsite.CallSiteArray.defaultCallConstructor(CallSiteArray.java:57)
at org.codehaus.groovy.runtime.callsite.AbstractCallSite.callConstructor(AbstractCallSite.java:263)
at org.codehaus.groovy.runtime.callsite.AbstractCallSite.callConstructor(AbstractCallSite.java:277)
at io.restassured.internal.RequestSpecificationImpl.assertCorrectNumberOfPathParams(RequestSpecificationImpl.groovy:1277)
at groovy.lang.MetaMethod.doMethodInvoke(MetaMethod.java:328)
at groovy.lang.MetaClassImpl.doInvokeMethod(MetaClassImpl.java:1333)
at groovy.lang.MetaClassImpl.invokeMethod(MetaClassImpl.java:1088)
at groovy.lang.MetaClassImpl.invokeMethod(MetaClassImpl.java:1007)
at groovy.lang.MetaClassImpl.invokeMethod(MetaClassImpl.java:790)
at io.restassured.internal.RequestSpecificationImpl.invokeMethod(RequestSpecificationImpl.groovy)
at org.codehaus.groovy.runtime.callsite.PogoInterceptableSite.call(PogoInterceptableSite.java:46)
at org.codehaus.groovy.runtime.callsite.PogoInterceptableSite.callCurrent(PogoInterceptableSite.java:57)
at org.codehaus.groovy.runtime.callsite.AbstractCallSite.callCurrent(AbstractCallSite.java:176)
at io.restassured.internal.RequestSpecificationImpl.sendRequest(RequestSpecificationImpl.groovy:1161)
at io.restassured.internal.RequestSpecificationImpl.this$2$sendRequest(RequestSpecificationImpl.groovy)
at groovy.lang.MetaMethod.doMethodInvoke(MetaMethod.java:328)
at groovy.lang.MetaClassImpl.doInvokeMethod(MetaClassImpl.java:1333)
at groovy.lang.MetaClassImpl.invokeMethod(MetaClassImpl.java:1088)
at groovy.lang.MetaClassImpl.invokeMethod(MetaClassImpl.java:1007)
at groovy.lang.MetaClassImpl.invokeMethod(MetaClassImpl.java:790)
at io.restassured.internal.RequestSpecificationImpl.invokeMethod(RequestSpecificationImpl.groovy)
at org.codehaus.groovy.runtime.callsite.PogoInterceptableSite.call(PogoInterceptableSite.java:46)
at org.codehaus.groovy.runtime.callsite.AbstractCallSite.call(AbstractCallSite.java:166)
at io.restassured.internal.filter.SendRequestFilter.filter(SendRequestFilter.groovy:30)
at io.restassured.filter.Filter$filter.call(Unknown Source)
at org.codehaus.groovy.runtime.callsite.CallSiteArray.defaultCall(CallSiteArray.java:45)
at io.restassured.filter.Filter$filter$0.call(Unknown Source)
at io.restassured.internal.filter.FilterContextImpl.next(FilterContextImpl.groovy:72)
at io.restassured.filter.time.TimingFilter.filter(TimingFilter.java:56)
at io.restassured.filter.Filter$filter$0.call(Unknown Source)
at org.codehaus.groovy.runtime.callsite.CallSiteArray.defaultCall(CallSiteArray.java:45)
at io.restassured.filter.Filter$filter.call(Unknown Source)
at io.restassured.internal.filter.FilterContextImpl.next(FilterContextImpl.groovy:72)
at io.restassured.filter.FilterContext$next.call(Unknown Source)
at io.restassured.internal.filter.CsrfFilter.filter(CsrfFilter.groovy:70)
at io.restassured.filter.Filter$filter.call(Unknown Source)
at org.codehaus.groovy.runtime.callsite.CallSiteArray.defaultCall(CallSiteArray.java:45)
at io.restassured.filter.Filter$filter.call(Unknown Source)
at io.restassured.internal.filter.FilterContextImpl.next(FilterContextImpl.groovy:72)
at io.restassured.filter.FilterContext$next.call(Unknown Source)
at io.restassured.internal.RequestSpecificationImpl.applyPathParamsAndSendRequest(RequestSpecificationImpl.groovy:1704)
at io.restassured.internal.RequestSpecificationImpl.this$2$applyPathParamsAndSendRequest(RequestSpecificationImpl.groovy)
at groovy.lang.MetaMethod.doMethodInvoke(MetaMethod.java:328)
at groovy.lang.MetaClassImpl.doInvokeMethod(MetaClassImpl.java:1333)
at groovy.lang.MetaClassImpl.invokeMethod(MetaClassImpl.java:1088)
at groovy.lang.MetaClassImpl.invokeMethod(MetaClassImpl.java:1007)
at groovy.lang.MetaClassImpl.invokeMethod(MetaClassImpl.java:790)
at io.restassured.internal.RequestSpecificationImpl.invokeMethod(RequestSpecificationImpl.groovy)
at org.codehaus.groovy.runtime.callsite.PogoInterceptableSite.call(PogoInterceptableSite.java:46)
at org.codehaus.groovy.runtime.callsite.PogoInterceptableSite.callCurrent(PogoInterceptableSite.java:57)
at org.codehaus.groovy.runtime.callsite.AbstractCallSite.callCurrent(AbstractCallSite.java:203)
at io.restassured.internal.RequestSpecificationImpl.applyPathParamsAndSendRequest(RequestSpecificationImpl.groovy:1710)
at io.restassured.internal.RequestSpecificationImpl.this$2$applyPathParamsAndSendRequest(RequestSpecificationImpl.groovy)
at groovy.lang.MetaMethod.doMethodInvoke(MetaMethod.java:328)
at groovy.lang.MetaClassImpl.doInvokeMethod(MetaClassImpl.java:1333)
at groovy.lang.MetaClassImpl.invokeMethod(MetaClassImpl.java:1088)
at groovy.lang.MetaClassImpl.invokeMethod(MetaClassImpl.java:1007)
at groovy.lang.MetaClassImpl.invokeMethod(MetaClassImpl.java:790)
at io.restassured.internal.RequestSpecificationImpl.invokeMethod(RequestSpecificationImpl.groovy)
at org.codehaus.groovy.runtime.callsite.PogoInterceptableSite.call(PogoInterceptableSite.java:46)
at org.codehaus.groovy.runtime.callsite.PogoInterceptableSite.callCurrent(PogoInterceptableSite.java:57)
at org.codehaus.groovy.runtime.callsite.AbstractCallSite.callCurrent(AbstractCallSite.java:203)
at io.restassured.internal.RequestSpecificationImpl.get(RequestSpecificationImpl.groovy:172)
at io.restassured.internal.RequestSpecificationImpl.get(RequestSpecificationImpl.groovy)
at admin.LotDiamondBidController.test04LotDiamondRemark(LotDiamondBidController.java:286)
at java.base/java.util.ArrayList.forEach(ArrayList.java:1597)
... Removed 42 stack frames]]>
    </failure>
  </testcase> <!-- test04LotDiamondRemark -->
  <testcase classname="admin.LotDiamondBidController" name="test05LotDiamondLotId" time="0.059"/>
  <testcase classname="admin.LotDiamondBidController" name="test06LotDiamondLiveBids" time="0.026"/>
  <testcase classname="admin.LotDiamondBidController" name="test07LotDiamondFavourites" time="0.029">
    <failure type="java.lang.AssertionError" message="Expected 200 OK, but got: 500 expected [true] but found [false]">
      <![CDATA[java.lang.AssertionError: Expected 200 OK, but got: 500 expected [true] but found [false]
at admin.LotDiamondBidController.test07LotDiamondFavourites(LotDiamondBidController.java:464)
at java.base/java.util.ArrayList.forEach(ArrayList.java:1597)
... Removed 28 stack frames]]>
    </failure>
  </testcase> <!-- test07LotDiamondFavourites -->
  <testcase classname="admin.LotDiamondBidController" name="test08LotDiamondGetWinBids" time="0.032">
    <failure type="java.lang.AssertionError" message="Expected 200 OK, but got: 500 expected [true] but found [false]">
      <![CDATA[java.lang.AssertionError: Expected 200 OK, but got: 500 expected [true] but found [false]
at admin.LotDiamondBidController.test08LotDiamondGetWinBids(LotDiamondBidController.java:508)
at java.base/java.util.ArrayList.forEach(ArrayList.java:1597)
... Removed 28 stack frames]]>
    </failure>
  </testcase> <!-- test08LotDiamondGetWinBids -->
  <testcase classname="admin.LotDiamondBidController" name="test09LotDiamondGetMyStockData" time="0.117"/>
  <testcase classname="admin.LotDiamondBidController" name="test10GetMyBidStatusData" time="0.063"/>
  <testcase classname="admin.LotDiamondBidController" name="test11GetMyBids" time="0.027">
    <failure type="java.lang.AssertionError" message="Expected 200 OK, but got: 500 expected [true] but found [false]">
      <![CDATA[java.lang.AssertionError: Expected 200 OK, but got: 500 expected [true] but found [false]
at admin.LotDiamondBidController.test11GetMyBids(LotDiamondBidController.java:662)
at java.base/java.util.ArrayList.forEach(ArrayList.java:1597)
... Removed 28 stack frames]]>
    </failure>
  </testcase> <!-- test11GetMyBids -->
  <testcase classname="admin.LotDiamondBidController" name="test12GetLoseBids" time="0.029">
    <failure type="java.lang.AssertionError" message="Expected 200 OK, but got: 500 expected [true] but found [false]">
      <![CDATA[java.lang.AssertionError: Expected 200 OK, but got: 500 expected [true] but found [false]
at admin.LotDiamondBidController.test12GetLoseBids(LotDiamondBidController.java:708)
at java.base/java.util.ArrayList.forEach(ArrayList.java:1597)
... Removed 28 stack frames]]>
    </failure>
  </testcase> <!-- test12GetLoseBids -->
  <testcase classname="admin.LotDiamondExcelController" name="loginToSystem" time="0.167">
    <failure type="java.lang.AssertionError" message="Expected 200 OK, but got: 500 expected [200] but found [500]">
      <![CDATA[java.lang.AssertionError: Expected 200 OK, but got: 500 expected [200] but found [500]
at admin.LotDiamondExcelController.loginToSystem(LotDiamondExcelController.java:74)
at java.base/java.util.ArrayList.forEach(ArrayList.java:1597)
... Removed 30 stack frames]]>
    </failure>
  </testcase> <!-- loginToSystem -->
  <testcase classname="admin.PolishController" name="test01PolishPolishId" time="0.041"/>
  <testcase classname="admin.PolishController" name="test02Polish" time="0.052"/>
  <testcase classname="admin.PolishController" name="test03PolishExcel" time="0.102"/>
  <testcase classname="admin.PolishController" name="test04Polishes" time="0.125"/>
  <testcase classname="admin.ReservationTransactionController" name="test01PostCreateReservation" time="0.131">
    <failure type="java.lang.AssertionError" message="Expected 200 OK or 201 Created, but got: 500 expected [true] but found [false]">
      <![CDATA[java.lang.AssertionError: Expected 200 OK or 201 Created, but got: 500 expected [true] but found [false]
at admin.ReservationTransactionController.test01PostCreateReservation(ReservationTransactionController.java:80)
at java.base/java.util.ArrayList.forEach(ArrayList.java:1597)
... Removed 28 stack frames]]>
    </failure>
  </testcase> <!-- test01PostCreateReservation -->
  <testcase classname="admin.ReservationTransactionController" name="test03GetReservationAuctionIdUserId" time="0.049"/>
  <testcase classname="admin.ReservationTransactionController" name="test04GetReservationAll" time="0.038"/>
  <testcase classname="admin.SymmetryController" name="test01SymmetryId" time="0.059"/>
  <testcase classname="admin.SymmetryController" name="test02Symmetry" time="0.045"/>
  <testcase classname="admin.SymmetryController" name="test03SymmetryExcel" time="0.146"/>
  <testcase classname="admin.SymmetryController" name="test04Symmetries" time="0.152"/>
  <testcase classname="admin.BalanceSheetController" name="Test01BalanceSheet" time="1.064"/>
  <testcase classname="admin.BidController" name="Test01PutBidUpdate" time="0.007">
    <failure type="java.lang.IllegalArgumentException" message="Invalid number of path parameters. Expected 2, was 0. Undefined path parameters are: proxyBidId, proxyBidAmount.">
      <![CDATA[java.lang.IllegalArgumentException: Invalid number of path parameters. Expected 2, was 0. Undefined path parameters are: proxyBidId, proxyBidAmount.
at org.codehaus.groovy.runtime.callsite.ConstructorSite$ConstructorSiteNoUnwrap.callConstructor(ConstructorSite.java:86)
at org.codehaus.groovy.runtime.callsite.AbstractCallSite.callConstructor(AbstractCallSite.java:277)
at io.restassured.internal.RequestSpecificationImpl.assertCorrectNumberOfPathParams(RequestSpecificationImpl.groovy:1277)
at groovy.lang.MetaMethod.doMethodInvoke(MetaMethod.java:328)
at groovy.lang.MetaClassImpl.doInvokeMethod(MetaClassImpl.java:1333)
at groovy.lang.MetaClassImpl.invokeMethod(MetaClassImpl.java:1088)
at groovy.lang.MetaClassImpl.invokeMethod(MetaClassImpl.java:1007)
at groovy.lang.MetaClassImpl.invokeMethod(MetaClassImpl.java:790)
at io.restassured.internal.RequestSpecificationImpl.invokeMethod(RequestSpecificationImpl.groovy)
at org.codehaus.groovy.runtime.callsite.PogoInterceptableSite.call(PogoInterceptableSite.java:46)
at org.codehaus.groovy.runtime.callsite.PogoInterceptableSite.callCurrent(PogoInterceptableSite.java:57)
at org.codehaus.groovy.runtime.callsite.AbstractCallSite.callCurrent(AbstractCallSite.java:176)
at io.restassured.internal.RequestSpecificationImpl.sendRequest(RequestSpecificationImpl.groovy:1161)
at io.restassured.internal.RequestSpecificationImpl.this$2$sendRequest(RequestSpecificationImpl.groovy)
at groovy.lang.MetaMethod.doMethodInvoke(MetaMethod.java:328)
at groovy.lang.MetaClassImpl.doInvokeMethod(MetaClassImpl.java:1333)
at groovy.lang.MetaClassImpl.invokeMethod(MetaClassImpl.java:1088)
at groovy.lang.MetaClassImpl.invokeMethod(MetaClassImpl.java:1007)
at groovy.lang.MetaClassImpl.invokeMethod(MetaClassImpl.java:790)
at io.restassured.internal.RequestSpecificationImpl.invokeMethod(RequestSpecificationImpl.groovy)
at org.codehaus.groovy.runtime.callsite.PogoInterceptableSite.call(PogoInterceptableSite.java:46)
at org.codehaus.groovy.runtime.callsite.AbstractCallSite.call(AbstractCallSite.java:166)
at io.restassured.internal.filter.SendRequestFilter.filter(SendRequestFilter.groovy:30)
at io.restassured.filter.Filter$filter.call(Unknown Source)
at org.codehaus.groovy.runtime.callsite.CallSiteArray.defaultCall(CallSiteArray.java:45)
at io.restassured.filter.Filter$filter$0.call(Unknown Source)
at io.restassured.internal.filter.FilterContextImpl.next(FilterContextImpl.groovy:72)
at io.restassured.filter.time.TimingFilter.filter(TimingFilter.java:56)
at io.restassured.filter.Filter$filter$0.call(Unknown Source)
at org.codehaus.groovy.runtime.callsite.CallSiteArray.defaultCall(CallSiteArray.java:45)
at io.restassured.filter.Filter$filter.call(Unknown Source)
at io.restassured.internal.filter.FilterContextImpl.next(FilterContextImpl.groovy:72)
at io.restassured.filter.FilterContext$next.call(Unknown Source)
at io.restassured.internal.filter.CsrfFilter.filter(CsrfFilter.groovy:70)
at io.restassured.filter.Filter$filter.call(Unknown Source)
at org.codehaus.groovy.runtime.callsite.CallSiteArray.defaultCall(CallSiteArray.java:45)
at io.restassured.filter.Filter$filter.call(Unknown Source)
at io.restassured.internal.filter.FilterContextImpl.next(FilterContextImpl.groovy:72)
at io.restassured.filter.FilterContext$next.call(Unknown Source)
at io.restassured.internal.RequestSpecificationImpl.applyPathParamsAndSendRequest(RequestSpecificationImpl.groovy:1704)
at io.restassured.internal.RequestSpecificationImpl.this$2$applyPathParamsAndSendRequest(RequestSpecificationImpl.groovy)
at groovy.lang.MetaMethod.doMethodInvoke(MetaMethod.java:328)
at groovy.lang.MetaClassImpl.doInvokeMethod(MetaClassImpl.java:1333)
at groovy.lang.MetaClassImpl.invokeMethod(MetaClassImpl.java:1088)
at groovy.lang.MetaClassImpl.invokeMethod(MetaClassImpl.java:1007)
at groovy.lang.MetaClassImpl.invokeMethod(MetaClassImpl.java:790)
at io.restassured.internal.RequestSpecificationImpl.invokeMethod(RequestSpecificationImpl.groovy)
at org.codehaus.groovy.runtime.callsite.PogoInterceptableSite.call(PogoInterceptableSite.java:46)
at org.codehaus.groovy.runtime.callsite.PogoInterceptableSite.callCurrent(PogoInterceptableSite.java:57)
at org.codehaus.groovy.runtime.callsite.AbstractCallSite.callCurrent(AbstractCallSite.java:203)
at io.restassured.internal.RequestSpecificationImpl.applyPathParamsAndSendRequest(RequestSpecificationImpl.groovy:1710)
at io.restassured.internal.RequestSpecificationImpl.this$2$applyPathParamsAndSendRequest(RequestSpecificationImpl.groovy)
at groovy.lang.MetaMethod.doMethodInvoke(MetaMethod.java:328)
at groovy.lang.MetaClassImpl.doInvokeMethod(MetaClassImpl.java:1333)
at groovy.lang.MetaClassImpl.invokeMethod(MetaClassImpl.java:1088)
at groovy.lang.MetaClassImpl.invokeMethod(MetaClassImpl.java:1007)
at groovy.lang.MetaClassImpl.invokeMethod(MetaClassImpl.java:790)
at io.restassured.internal.RequestSpecificationImpl.invokeMethod(RequestSpecificationImpl.groovy)
at org.codehaus.groovy.runtime.callsite.PogoInterceptableSite.call(PogoInterceptableSite.java:46)
at org.codehaus.groovy.runtime.callsite.PogoInterceptableSite.callCurrent(PogoInterceptableSite.java:57)
at org.codehaus.groovy.runtime.callsite.AbstractCallSite.callCurrent(AbstractCallSite.java:203)
at io.restassured.internal.RequestSpecificationImpl.put(RequestSpecificationImpl.groovy:180)
at io.restassured.internal.RequestSpecificationImpl.put(RequestSpecificationImpl.groovy)
at admin.BidController.Test01PutBidUpdate(BidController.java:48)
at java.base/java.util.ArrayList.forEach(ArrayList.java:1597)
... Removed 42 stack frames]]>
    </failure>
  </testcase> <!-- Test01PutBidUpdate -->
  <testcase classname="admin.BidController" name="Test02PutBidUpdateJewellery" time="0.031"/>
  <testcase classname="admin.BidController" name="Test03PostMakeWinners" time="0.035"/>
  <testcase classname="admin.BidController" name="Test04GetBiddersInfo" time="0.099"/>
  <testcase classname="admin.BidController" name="Test06GetBidCount" time="0.026">
    <failure type="java.lang.AssertionError" message="Request failed due to token expiration.">
      <![CDATA[java.lang.AssertionError: Request failed due to token expiration.
at admin.BidController.Test06GetBidCount(BidController.java:276)
at java.base/java.util.ArrayList.forEach(ArrayList.java:1597)
... Removed 26 stack frames]]>
    </failure>
  </testcase> <!-- Test06GetBidCount -->
  <testcase classname="admin.BidController" name="Test08GetMyBid" time="0.028">
    <failure type="java.lang.AssertionError" message="Request failed due to token expiration.">
      <![CDATA[java.lang.AssertionError: Request failed due to token expiration.
at admin.BidController.Test08GetMyBid(BidController.java:334)
at java.base/java.util.ArrayList.forEach(ArrayList.java:1597)
... Removed 26 stack frames]]>
    </failure>
  </testcase> <!-- Test08GetMyBid -->
  <testcase classname="admin.BidController" name="Test09GetLoseCount" time="0.026">
    <failure type="java.lang.AssertionError" message="Request failed due to token expiration.">
      <![CDATA[java.lang.AssertionError: Request failed due to token expiration.
at admin.BidController.Test09GetLoseCount(BidController.java:392)
at java.base/java.util.ArrayList.forEach(ArrayList.java:1597)
... Removed 26 stack frames]]>
    </failure>
  </testcase> <!-- Test09GetLoseCount -->
  <testcase classname="admin.BidController" name="Test11GetAllCounts" time="0.032"/>
  <testcase classname="admin.BidController" name="Test12GetBidHistory" time="0.105"/>
  <testcase classname="admin.BidController" name="Test13GetBidDelete" time="0.032"/>
  <testcase classname="admin.BrandController" name="test01PutBrand" time="0.056"/>
  <testcase classname="admin.BrandController" name="test02GetBrand" time="0.08"/>
  <testcase classname="admin.BrandController" name="test03PostBrand" time="0.034"/>
  <testcase classname="admin.BrandController" name="test04PostBrandExcel" time="0.012">
    <failure type="java.io.FileNotFoundException" message="C:\Users\ESAMYAK121\Desktop\Testing\.xlsx (The system cannot find the file specified)">
      <![CDATA[java.io.FileNotFoundException: C:\Users\ESAMYAK121\Desktop\Testing\.xlsx (The system cannot find the file specified)
at java.base/java.io.FileInputStream.open0(Native Method)
at java.base/java.io.FileInputStream.open(FileInputStream.java:219)
at java.base/java.io.FileInputStream.<init>(FileInputStream.java:159)
at org.apache.http.entity.mime.content.FileBody.writeTo(FileBody.java:116)
at org.apache.http.entity.mime.AbstractMultipartForm.doWriteTo(AbstractMultipartForm.java:134)
at org.apache.http.entity.mime.AbstractMultipartForm.writeTo(AbstractMultipartForm.java:157)
at org.apache.http.entity.mime.MultipartFormEntity.writeTo(MultipartFormEntity.java:113)
at org.apache.http.HttpEntity$writeTo$4.call(Unknown Source)
at io.restassured.internal.multipart.RestAssuredMultiPartEntity.writeTo(RestAssuredMultiPartEntity.groovy:110)
at org.apache.http.entity.HttpEntityWrapper.writeTo(HttpEntityWrapper.java:96)
at org.apache.http.impl.client.EntityEnclosingRequestWrapper$EntityWrapper.writeTo(EntityEnclosingRequestWrapper.java:110)
at org.apache.http.impl.entity.EntitySerializer.serialize(EntitySerializer.java:118)
at org.apache.http.impl.AbstractHttpClientConnection.sendRequestEntity(AbstractHttpClientConnection.java:274)
at org.apache.http.impl.conn.ManagedClientConnectionImpl.sendRequestEntity(ManagedClientConnectionImpl.java:214)
at org.apache.http.protocol.HttpRequestExecutor.doSendRequest(HttpRequestExecutor.java:238)
at org.apache.http.protocol.HttpRequestExecutor.execute(HttpRequestExecutor.java:123)
at org.apache.http.impl.client.DefaultRequestDirector.tryExecute(DefaultRequestDirector.java:679)
at org.apache.http.impl.client.DefaultRequestDirector.execute(DefaultRequestDirector.java:481)
at org.apache.http.impl.client.AbstractHttpClient.doExecute(AbstractHttpClient.java:835)
at org.apache.http.impl.client.CloseableHttpClient.execute(CloseableHttpClient.java:83)
at io.restassured.internal.RestAssuredHttpBuilder.doRequest(RestAssuredHttpBuilder.java:141)
at io.restassured.internal.http.HTTPBuilder.post(HTTPBuilder.java:349)
at io.restassured.internal.http.HTTPBuilder$post$2.call(Unknown Source)
at io.restassured.internal.RequestSpecificationImpl.sendRequest(RequestSpecificationImpl.groovy:1209)
at io.restassured.internal.RequestSpecificationImpl.this$2$sendRequest(RequestSpecificationImpl.groovy)
at groovy.lang.MetaMethod.doMethodInvoke(MetaMethod.java:328)
at groovy.lang.MetaClassImpl.doInvokeMethod(MetaClassImpl.java:1333)
at groovy.lang.MetaClassImpl.invokeMethod(MetaClassImpl.java:1088)
at groovy.lang.MetaClassImpl.invokeMethod(MetaClassImpl.java:1007)
at groovy.lang.MetaClassImpl.invokeMethod(MetaClassImpl.java:790)
at io.restassured.internal.RequestSpecificationImpl.invokeMethod(RequestSpecificationImpl.groovy)
at org.codehaus.groovy.runtime.callsite.PogoInterceptableSite.call(PogoInterceptableSite.java:46)
at org.codehaus.groovy.runtime.callsite.AbstractCallSite.call(AbstractCallSite.java:166)
at io.restassured.internal.filter.SendRequestFilter.filter(SendRequestFilter.groovy:30)
at io.restassured.filter.Filter$filter.call(Unknown Source)
at org.codehaus.groovy.runtime.callsite.CallSiteArray.defaultCall(CallSiteArray.java:45)
at io.restassured.filter.Filter$filter$0.call(Unknown Source)
at io.restassured.internal.filter.FilterContextImpl.next(FilterContextImpl.groovy:72)
at io.restassured.filter.time.TimingFilter.filter(TimingFilter.java:56)
at io.restassured.filter.Filter$filter$0.call(Unknown Source)
at org.codehaus.groovy.runtime.callsite.CallSiteArray.defaultCall(CallSiteArray.java:45)
at io.restassured.filter.Filter$filter.call(Unknown Source)
at io.restassured.internal.filter.FilterContextImpl.next(FilterContextImpl.groovy:72)
at io.restassured.filter.FilterContext$next.call(Unknown Source)
at io.restassured.internal.filter.CsrfFilter.filter(CsrfFilter.groovy:70)
at io.restassured.filter.Filter$filter.call(Unknown Source)
at org.codehaus.groovy.runtime.callsite.CallSiteArray.defaultCall(CallSiteArray.java:45)
at io.restassured.filter.Filter$filter.call(Unknown Source)
at io.restassured.internal.filter.FilterContextImpl.next(FilterContextImpl.groovy:72)
at io.restassured.filter.FilterContext$next.call(Unknown Source)
at io.restassured.internal.RequestSpecificationImpl.applyPathParamsAndSendRequest(RequestSpecificationImpl.groovy:1704)
at io.restassured.internal.RequestSpecificationImpl.this$2$applyPathParamsAndSendRequest(RequestSpecificationImpl.groovy)
at groovy.lang.MetaMethod.doMethodInvoke(MetaMethod.java:328)
at groovy.lang.MetaClassImpl.doInvokeMethod(MetaClassImpl.java:1333)
at groovy.lang.MetaClassImpl.invokeMethod(MetaClassImpl.java:1088)
at groovy.lang.MetaClassImpl.invokeMethod(MetaClassImpl.java:1007)
at groovy.lang.MetaClassImpl.invokeMethod(MetaClassImpl.java:790)
at io.restassured.internal.RequestSpecificationImpl.invokeMethod(RequestSpecificationImpl.groovy)
at org.codehaus.groovy.runtime.callsite.PogoInterceptableSite.call(PogoInterceptableSite.java:46)
at org.codehaus.groovy.runtime.callsite.PogoInterceptableSite.callCurrent(PogoInterceptableSite.java:57)
at org.codehaus.groovy.runtime.callsite.AbstractCallSite.callCurrent(AbstractCallSite.java:203)
at io.restassured.internal.RequestSpecificationImpl.applyPathParamsAndSendRequest(RequestSpecificationImpl.groovy:1710)
at io.restassured.internal.RequestSpecificationImpl.this$2$applyPathParamsAndSendRequest(RequestSpecificationImpl.groovy)
at groovy.lang.MetaMethod.doMethodInvoke(MetaMethod.java:328)
at groovy.lang.MetaClassImpl.doInvokeMethod(MetaClassImpl.java:1333)
at groovy.lang.MetaClassImpl.invokeMethod(MetaClassImpl.java:1088)
at groovy.lang.MetaClassImpl.invokeMethod(MetaClassImpl.java:1007)
at groovy.lang.MetaClassImpl.invokeMethod(MetaClassImpl.java:790)
at io.restassured.internal.RequestSpecificationImpl.invokeMethod(RequestSpecificationImpl.groovy)
at org.codehaus.groovy.runtime.callsite.PogoInterceptableSite.call(PogoInterceptableSite.java:46)
at org.codehaus.groovy.runtime.callsite.PogoInterceptableSite.callCurrent(PogoInterceptableSite.java:57)
at org.codehaus.groovy.runtime.callsite.AbstractCallSite.callCurrent(AbstractCallSite.java:203)
at io.restassured.internal.RequestSpecificationImpl.post(RequestSpecificationImpl.groovy:176)
at io.restassured.internal.RequestSpecificationImpl.post(RequestSpecificationImpl.groovy)
at admin.BrandController.test04PostBrandExcel(BrandController.java:216)
at java.base/java.util.ArrayList.forEach(ArrayList.java:1597)
... Removed 34 stack frames]]>
    </failure>
  </testcase> <!-- test04PostBrandExcel -->
  <testcase classname="admin.BrandController" name="test05GetBrands" time="0.043"/>
  <testcase classname="admin.ClarityController" name="test01PutClarityId" time="0.045"/>
  <testcase classname="admin.ClarityController" name="test02PostClarity" time="0.035"/>
  <testcase classname="admin.ClarityController" name="test03PostClarityExcel" time="0.063"/>
  <testcase classname="admin.ClarityController" name="test04GetClarities" time="0.104"/>
  <testcase classname="admin.ColorController" name="Test01PutColorId" time="0.036"/>
  <testcase classname="admin.ColorController" name="Test02PostColor" time="0.031"/>
  <testcase classname="admin.ColorController" name="Test03PostColorExcel" time="0.071"/>
  <testcase classname="admin.ColorController" name="Test04GetColors" time="0.225"/>
  <testcase classname="admin.ImageController" name="Test01GetTopbarLogo" time="0.681"/>
  <testcase classname="admin.ImageController" name="Test02GetImages" time="0.794">
    <failure type="java.lang.AssertionError" message="Expected 200 OK, but got: 404 expected [200] but found [404]">
      <![CDATA[java.lang.AssertionError: Expected 200 OK, but got: 404 expected [200] but found [404]
at admin.ImageController.Test02GetImages(ImageController.java:116)
at java.base/java.util.ArrayList.forEach(ArrayList.java:1597)
... Removed 30 stack frames]]>
    </failure>
  </testcase> <!-- Test02GetImages -->
  <testcase classname="admin.ImageController" name="Test03GetFetchImages" time="0.456">
    <failure type="java.lang.AssertionError" message="Expected 200 OK, but got: 404 expected [200] but found [404]">
      <![CDATA[java.lang.AssertionError: Expected 200 OK, but got: 404 expected [200] but found [404]
at admin.ImageController.Test03GetFetchImages(ImageController.java:169)
at java.base/java.util.ArrayList.forEach(ArrayList.java:1597)
... Removed 30 stack frames]]>
    </failure>
  </testcase> <!-- Test03GetFetchImages -->
  <testcase classname="admin.ImageController" name="Test04GetBulkBidThumbnailLogo" time="0.266"/>
  <testcase classname="admin.LabController" name="Test01LabLabId" time="0.036"/>
  <testcase classname="admin.LabController" name="Test02Lab" time="0.026">
    <failure type="java.lang.AssertionError" message="Expected 200 OK or 201 Created, but got: 409 expected [true] but found [false]">
      <![CDATA[java.lang.AssertionError: Expected 200 OK or 201 Created, but got: 409 expected [true] but found [false]
at admin.LabController.Test02Lab(LabController.java:133)
at java.base/java.util.ArrayList.forEach(ArrayList.java:1597)
... Removed 28 stack frames]]>
    </failure>
  </testcase> <!-- Test02Lab -->
  <testcase classname="admin.LabController" name="Test03LabExcel" time="0.01">
    <failure type="java.io.FileNotFoundException" message="C:\WorkSpaces\Swastik2425_Workspace\Postsample (The system cannot find the path specified)">
      <![CDATA[java.io.FileNotFoundException: C:\WorkSpaces\Swastik2425_Workspace\Postsample (The system cannot find the path specified)
at java.base/java.io.FileInputStream.open0(Native Method)
at java.base/java.io.FileInputStream.open(FileInputStream.java:219)
at java.base/java.io.FileInputStream.<init>(FileInputStream.java:159)
at org.apache.http.entity.mime.content.FileBody.writeTo(FileBody.java:116)
at org.apache.http.entity.mime.AbstractMultipartForm.doWriteTo(AbstractMultipartForm.java:134)
at org.apache.http.entity.mime.AbstractMultipartForm.writeTo(AbstractMultipartForm.java:157)
at org.apache.http.entity.mime.MultipartFormEntity.writeTo(MultipartFormEntity.java:113)
at org.apache.http.HttpEntity$writeTo$4.call(Unknown Source)
at io.restassured.internal.multipart.RestAssuredMultiPartEntity.writeTo(RestAssuredMultiPartEntity.groovy:110)
at org.apache.http.entity.HttpEntityWrapper.writeTo(HttpEntityWrapper.java:96)
at org.apache.http.impl.client.EntityEnclosingRequestWrapper$EntityWrapper.writeTo(EntityEnclosingRequestWrapper.java:110)
at org.apache.http.impl.entity.EntitySerializer.serialize(EntitySerializer.java:118)
at org.apache.http.impl.AbstractHttpClientConnection.sendRequestEntity(AbstractHttpClientConnection.java:274)
at org.apache.http.impl.conn.ManagedClientConnectionImpl.sendRequestEntity(ManagedClientConnectionImpl.java:214)
at org.apache.http.protocol.HttpRequestExecutor.doSendRequest(HttpRequestExecutor.java:238)
at org.apache.http.protocol.HttpRequestExecutor.execute(HttpRequestExecutor.java:123)
at org.apache.http.impl.client.DefaultRequestDirector.tryExecute(DefaultRequestDirector.java:679)
at org.apache.http.impl.client.DefaultRequestDirector.execute(DefaultRequestDirector.java:481)
at org.apache.http.impl.client.AbstractHttpClient.doExecute(AbstractHttpClient.java:835)
at org.apache.http.impl.client.CloseableHttpClient.execute(CloseableHttpClient.java:83)
at io.restassured.internal.RestAssuredHttpBuilder.doRequest(RestAssuredHttpBuilder.java:141)
at io.restassured.internal.http.HTTPBuilder.post(HTTPBuilder.java:349)
at io.restassured.internal.http.HTTPBuilder$post$2.call(Unknown Source)
at io.restassured.internal.RequestSpecificationImpl.sendRequest(RequestSpecificationImpl.groovy:1209)
at io.restassured.internal.RequestSpecificationImpl.this$2$sendRequest(RequestSpecificationImpl.groovy)
at groovy.lang.MetaMethod.doMethodInvoke(MetaMethod.java:328)
at groovy.lang.MetaClassImpl.doInvokeMethod(MetaClassImpl.java:1333)
at groovy.lang.MetaClassImpl.invokeMethod(MetaClassImpl.java:1088)
at groovy.lang.MetaClassImpl.invokeMethod(MetaClassImpl.java:1007)
at groovy.lang.MetaClassImpl.invokeMethod(MetaClassImpl.java:790)
at io.restassured.internal.RequestSpecificationImpl.invokeMethod(RequestSpecificationImpl.groovy)
at org.codehaus.groovy.runtime.callsite.PogoInterceptableSite.call(PogoInterceptableSite.java:46)
at org.codehaus.groovy.runtime.callsite.AbstractCallSite.call(AbstractCallSite.java:166)
at io.restassured.internal.filter.SendRequestFilter.filter(SendRequestFilter.groovy:30)
at io.restassured.filter.Filter$filter.call(Unknown Source)
at org.codehaus.groovy.runtime.callsite.CallSiteArray.defaultCall(CallSiteArray.java:45)
at io.restassured.filter.Filter$filter$0.call(Unknown Source)
at io.restassured.internal.filter.FilterContextImpl.next(FilterContextImpl.groovy:72)
at io.restassured.filter.time.TimingFilter.filter(TimingFilter.java:56)
at io.restassured.filter.Filter$filter$0.call(Unknown Source)
at org.codehaus.groovy.runtime.callsite.CallSiteArray.defaultCall(CallSiteArray.java:45)
at io.restassured.filter.Filter$filter.call(Unknown Source)
at io.restassured.internal.filter.FilterContextImpl.next(FilterContextImpl.groovy:72)
at io.restassured.filter.FilterContext$next.call(Unknown Source)
at io.restassured.internal.filter.CsrfFilter.filter(CsrfFilter.groovy:70)
at io.restassured.filter.Filter$filter.call(Unknown Source)
at org.codehaus.groovy.runtime.callsite.CallSiteArray.defaultCall(CallSiteArray.java:45)
at io.restassured.filter.Filter$filter.call(Unknown Source)
at io.restassured.internal.filter.FilterContextImpl.next(FilterContextImpl.groovy:72)
at io.restassured.filter.FilterContext$next.call(Unknown Source)
at io.restassured.internal.RequestSpecificationImpl.applyPathParamsAndSendRequest(RequestSpecificationImpl.groovy:1704)
at io.restassured.internal.RequestSpecificationImpl.this$2$applyPathParamsAndSendRequest(RequestSpecificationImpl.groovy)
at groovy.lang.MetaMethod.doMethodInvoke(MetaMethod.java:328)
at groovy.lang.MetaClassImpl.doInvokeMethod(MetaClassImpl.java:1333)
at groovy.lang.MetaClassImpl.invokeMethod(MetaClassImpl.java:1088)
at groovy.lang.MetaClassImpl.invokeMethod(MetaClassImpl.java:1007)
at groovy.lang.MetaClassImpl.invokeMethod(MetaClassImpl.java:790)
at io.restassured.internal.RequestSpecificationImpl.invokeMethod(RequestSpecificationImpl.groovy)
at org.codehaus.groovy.runtime.callsite.PogoInterceptableSite.call(PogoInterceptableSite.java:46)
at org.codehaus.groovy.runtime.callsite.PogoInterceptableSite.callCurrent(PogoInterceptableSite.java:57)
at org.codehaus.groovy.runtime.callsite.AbstractCallSite.callCurrent(AbstractCallSite.java:203)
at io.restassured.internal.RequestSpecificationImpl.applyPathParamsAndSendRequest(RequestSpecificationImpl.groovy:1710)
at io.restassured.internal.RequestSpecificationImpl.this$2$applyPathParamsAndSendRequest(RequestSpecificationImpl.groovy)
at groovy.lang.MetaMethod.doMethodInvoke(MetaMethod.java:328)
at groovy.lang.MetaClassImpl.doInvokeMethod(MetaClassImpl.java:1333)
at groovy.lang.MetaClassImpl.invokeMethod(MetaClassImpl.java:1088)
at groovy.lang.MetaClassImpl.invokeMethod(MetaClassImpl.java:1007)
at groovy.lang.MetaClassImpl.invokeMethod(MetaClassImpl.java:790)
at io.restassured.internal.RequestSpecificationImpl.invokeMethod(RequestSpecificationImpl.groovy)
at org.codehaus.groovy.runtime.callsite.PogoInterceptableSite.call(PogoInterceptableSite.java:46)
at org.codehaus.groovy.runtime.callsite.PogoInterceptableSite.callCurrent(PogoInterceptableSite.java:57)
at org.codehaus.groovy.runtime.callsite.AbstractCallSite.callCurrent(AbstractCallSite.java:203)
at io.restassured.internal.RequestSpecificationImpl.post(RequestSpecificationImpl.groovy:176)
at io.restassured.internal.RequestSpecificationImpl.post(RequestSpecificationImpl.groovy)
at admin.LabController.Test03LabExcel(LabController.java:159)
at java.base/java.util.ArrayList.forEach(ArrayList.java:1597)
... Removed 34 stack frames]]>
    </failure>
  </testcase> <!-- Test03LabExcel -->
  <testcase classname="admin.LabController" name="Test04Labs" time="0.078"/>
  <testcase classname="admin.LotController" name="test01LotidAmount" time="0.044"/>
  <testcase classname="admin.LotController" name="test06DownloadLotExcel" time="0.025">
    <failure type="java.lang.AssertionError" message="Request failed due to token expiration.">
      <![CDATA[java.lang.AssertionError: Request failed due to token expiration.
at admin.LotController.test06DownloadLotExcel(LotController.java:99)
at java.base/java.util.ArrayList.forEach(ArrayList.java:1597)
... Removed 26 stack frames]]>
    </failure>
  </testcase> <!-- test06DownloadLotExcel -->
  <testcase classname="admin.LotController" name="test07BiddersPdf" time="0.091">
    <failure type="java.lang.AssertionError" message="Internal Server Error occurred.">
      <![CDATA[java.lang.AssertionError: Internal Server Error occurred.
at admin.LotController.test07BiddersPdf(LotController.java:160)
at java.base/java.util.ArrayList.forEach(ArrayList.java:1597)
... Removed 26 stack frames]]>
    </failure>
  </testcase> <!-- test07BiddersPdf -->
  <testcase classname="admin.LotDiamondController" name="Test01LotActiveAll" time="0.048"/>
  <testcase classname="admin.LotDiamondController" name="Test03LotDiamondAuctionId" time="0.04"/>
  <testcase classname="admin.LotDiamondController" name="Test05LotDiamonds" time="0.038"/>
  <testcase classname="admin.LotDiamondController" name="Test07LotDiamondsAuctionId" time="0.036"/>
  <testcase classname="admin.LotDiamondController" name="Test08LotDIamondssupplierLots" time="0.131"/>
  <testcase classname="admin.LotDiamondController" name="Test09otDiamondsPrevious" time="0.039"/>
  <testcase classname="admin.MailInvoiceLotDiamondController" name="Test01PostSendmails" time="0.03"/>
  <testcase classname="admin.MailInvoiceLotDiamondController" name="Test02PostSendmailEmailIdAuctionID" time="0.04"/>
  <testcase classname="admin.MailInvoiceLotDiamondController" name="Test03PostSendMailsAllLots" time="0.349"/>
  <testcase classname="admin.rapaportController" name="Test01LotDiamondrapPrice" time="0.031"/>
  <testcase classname="admin.rapaportController" name="Test02rapaports" time="8.259"/>
  <testcase classname="admin.RefreshTokencontroller" name="Test01GetAuthRefreshToken" time="0.031">
    <failure type="java.lang.AssertionError" message="Expected 200 OK or 201 Created, but got: 409 expected [true] but found [false]">
      <![CDATA[java.lang.AssertionError: Expected 200 OK or 201 Created, but got: 409 expected [true] but found [false]
at admin.RefreshTokencontroller.Test01GetAuthRefreshToken(RefreshTokencontroller.java:53)
at java.base/java.util.ArrayList.forEach(ArrayList.java:1597)
... Removed 28 stack frames]]>
    </failure>
  </testcase> <!-- Test01GetAuthRefreshToken -->
  <testcase classname="admin.RemarkController" name="Test01Postremark" time="0.039"/>
  <testcase classname="admin.RemarkController" name="Test03RemarkCount" time="0.028">
    <failure type="java.lang.AssertionError" message="Expected 200 OK or 204 No Content, but got: 500 expected [true] but found [false]">
      <![CDATA[java.lang.AssertionError: Expected 200 OK or 204 No Content, but got: 500 expected [true] but found [false]
at admin.RemarkController.Test03RemarkCount(RemarkController.java:174)
at java.base/java.util.ArrayList.forEach(ArrayList.java:1597)
... Removed 28 stack frames]]>
    </failure>
  </testcase> <!-- Test03RemarkCount -->
  <testcase classname="admin.ReservationController" name="Test01PostSlotTransaction" time="0.0">
    <failure type="java.lang.Error" message="Unresolved compilation problems: 
	Type mismatch: cannot convert from String[] to String
	Syntax error on token &amp;quot;:&amp;quot;, , expected
	Syntax error on token &amp;quot;:&amp;quot;, , expected
	Syntax error on token &amp;quot;:&amp;quot;, , expected
	Syntax error on tokens, delete these tokens
	Syntax error on token &amp;quot;:&amp;quot;, , expected
	The type of the expression must be an array type but it resolved to String
	Syntax error on tokens, delete these tokens
	Type mismatch: cannot convert from String to int
	Syntax error on token &amp;quot;:&amp;quot;, , expected
	Syntax error on token &amp;quot;:&amp;quot;, , expected
	Syntax error on token &amp;quot;:&amp;quot;, , expected
	Syntax error on token &amp;quot;:&amp;quot;, , expected
	Syntax error on token &amp;quot;:&amp;quot;, , expected
	Syntax error on token &amp;quot;:&amp;quot;, , expected
	Syntax error on token &amp;quot;:&amp;quot;, , expected
	Syntax error on token &amp;quot;:&amp;quot;, , expected
	Syntax error on token &amp;quot;:&amp;quot;, , expected
	Syntax error on token &amp;quot;:&amp;quot;, , expected
	Syntax error, insert &amp;quot;;&amp;quot; to complete LocalVariableDeclarationStatement
">
      <![CDATA[java.lang.Error: Unresolved compilation problems: 
Type mismatch: cannot convert from String[] to String
Syntax error on token ":", , expected
Syntax error on token ":", , expected
Syntax error on token ":", , expected
Syntax error on tokens, delete these tokens
Syntax error on token ":", , expected
The type of the expression must be an array type but it resolved to String
Syntax error on tokens, delete these tokens
Type mismatch: cannot convert from String to int
Syntax error on token ":", , expected
Syntax error on token ":", , expected
Syntax error on token ":", , expected
Syntax error on token ":", , expected
Syntax error on token ":", , expected
Syntax error on token ":", , expected
Syntax error on token ":", , expected
Syntax error on token ":", , expected
Syntax error on token ":", , expected
Syntax error on token ":", , expected
Syntax error, insert ";" to complete LocalVariableDeclarationStatement

at admin.ReservationController.Test01PostSlotTransaction(ReservationController.java:32)
at java.base/java.util.ArrayList.forEach(ArrayList.java:1597)
... Removed 25 stack frames]]>
    </failure>
  </testcase> <!-- Test01PostSlotTransaction -->
  <testcase classname="admin.ReservationController" name="Test02GetSlots" time="0.045"/>
  <testcase classname="admin.ShapeController" name="testcreateSymmetry01" time="0.033"/>
  <testcase classname="admin.ShapeController" name="testcreateSymmetry02" time="0.033"/>
  <testcase classname="admin.ShapeController" name="testcreateSymmetry03" time="0.082"/>
  <testcase classname="admin.ShapeController" name="testcreateSymmetry04" time="0.167"/>
  <testcase classname="admin.UserControllerMerged" name="Test01GetUserSummary" time="1.939"/>
  <testcase classname="admin.UserControllerMerged" name="Test02GetUserRole" time="0.033"/>
  <testcase classname="admin.UserControllerMerged" name="Test03GetUserAccountSummary" time="1.548"/>
  <testcase classname="utils.BaseTest" name="@AfterSuite afterSuite" time="0.0">
    <ignored/>
  </testcase> <!-- @AfterSuite afterSuite -->
  <testcase classname="utils.BaseTest" name="@AfterSuite afterSuite" time="0.0">
    <ignored/>
  </testcase> <!-- @AfterSuite afterSuite -->
  <testcase classname="utils.BaseTest" name="@AfterSuite afterSuite" time="0.0">
    <ignored/>
  </testcase> <!-- @AfterSuite afterSuite -->
  <testcase classname="utils.BaseTest" name="@AfterSuite afterSuite" time="0.0">
    <ignored/>
  </testcase> <!-- @AfterSuite afterSuite -->
  <testcase classname="utils.BaseTest" name="@AfterSuite afterSuite" time="0.0">
    <ignored/>
  </testcase> <!-- @AfterSuite afterSuite -->
  <testcase classname="utils.BaseTest" name="@AfterSuite afterSuite" time="0.0">
    <ignored/>
  </testcase> <!-- @AfterSuite afterSuite -->
  <testcase classname="utils.BaseTest" name="@AfterSuite afterSuite" time="0.0">
    <ignored/>
  </testcase> <!-- @AfterSuite afterSuite -->
  <testcase classname="utils.BaseTest" name="@AfterSuite afterSuite" time="0.0">
    <ignored/>
  </testcase> <!-- @AfterSuite afterSuite -->
  <testcase classname="utils.BaseTest" name="@AfterSuite afterSuite" time="0.0">
    <ignored/>
  </testcase> <!-- @AfterSuite afterSuite -->
  <testcase classname="utils.BaseTest" name="@AfterSuite afterSuite" time="0.0">
    <ignored/>
  </testcase> <!-- @AfterSuite afterSuite -->
  <testcase classname="utils.BaseTest" name="@AfterSuite afterSuite" time="0.0">
    <ignored/>
  </testcase> <!-- @AfterSuite afterSuite -->
  <testcase classname="utils.BaseTest" name="@AfterSuite afterSuite" time="0.0">
    <ignored/>
  </testcase> <!-- @AfterSuite afterSuite -->
  <testcase classname="utils.BaseTest" name="@AfterSuite afterSuite" time="0.0">
    <ignored/>
  </testcase> <!-- @AfterSuite afterSuite -->
  <testcase classname="utils.BaseTest" name="@AfterSuite afterSuite" time="0.0">
    <ignored/>
  </testcase> <!-- @AfterSuite afterSuite -->
  <testcase classname="utils.BaseTest" name="@AfterSuite afterSuite" time="0.0">
    <ignored/>
  </testcase> <!-- @AfterSuite afterSuite -->
  <testcase classname="utils.BaseTest" name="@AfterSuite afterSuite" time="0.0">
    <ignored/>
  </testcase> <!-- @AfterSuite afterSuite -->
  <testcase classname="utils.BaseTest" name="@AfterSuite afterSuite" time="0.0">
    <ignored/>
  </testcase> <!-- @AfterSuite afterSuite -->
  <testcase classname="utils.BaseTest" name="@AfterSuite afterSuite" time="0.0">
    <ignored/>
  </testcase> <!-- @AfterSuite afterSuite -->
  <testcase classname="utils.BaseTest" name="@AfterSuite afterSuite" time="0.0">
    <ignored/>
  </testcase> <!-- @AfterSuite afterSuite -->
  <testcase classname="utils.BaseTest" name="@AfterSuite afterSuite" time="0.0">
    <ignored/>
  </testcase> <!-- @AfterSuite afterSuite -->
  <testcase classname="utils.BaseTest" name="@AfterSuite afterSuite" time="0.0">
    <ignored/>
  </testcase> <!-- @AfterSuite afterSuite -->
  <testcase classname="utils.BaseTest" name="@AfterSuite afterSuite" time="0.0">
    <ignored/>
  </testcase> <!-- @AfterSuite afterSuite -->
  <testcase classname="utils.BaseTest" name="@AfterSuite afterSuite" time="0.0">
    <ignored/>
  </testcase> <!-- @AfterSuite afterSuite -->
  <testcase classname="utils.BaseTest" name="@AfterSuite afterSuite" time="0.0">
    <ignored/>
  </testcase> <!-- @AfterSuite afterSuite -->
  <testcase classname="utils.BaseTest" name="@AfterSuite afterSuite" time="0.0">
    <ignored/>
  </testcase> <!-- @AfterSuite afterSuite -->
  <testcase classname="utils.BaseTest" name="@AfterSuite afterSuite" time="0.0">
    <ignored/>
  </testcase> <!-- @AfterSuite afterSuite -->
  <testcase classname="utils.BaseTest" name="@AfterSuite afterSuite" time="0.0">
    <ignored/>
  </testcase> <!-- @AfterSuite afterSuite -->
  <testcase classname="utils.BaseTest" name="@AfterSuite afterSuite" time="0.0">
    <ignored/>
  </testcase> <!-- @AfterSuite afterSuite -->
  <testcase classname="utils.BaseTest" name="@AfterSuite afterSuite" time="0.0">
    <ignored/>
  </testcase> <!-- @AfterSuite afterSuite -->
  <testcase classname="utils.BaseTest" name="@AfterSuite afterSuite" time="0.0">
    <ignored/>
  </testcase> <!-- @AfterSuite afterSuite -->
  <testcase classname="utils.BaseTest" name="@AfterSuite afterSuite" time="0.0">
    <ignored/>
  </testcase> <!-- @AfterSuite afterSuite -->
  <testcase classname="utils.BaseTest" name="@AfterSuite afterSuite" time="0.0">
    <ignored/>
  </testcase> <!-- @AfterSuite afterSuite -->
  <testcase classname="utils.BaseTest" name="@AfterSuite afterSuite" time="0.0">
    <ignored/>
  </testcase> <!-- @AfterSuite afterSuite -->
  <testcase classname="utils.BaseTest" name="@AfterSuite afterSuite" time="0.0">
    <ignored/>
  </testcase> <!-- @AfterSuite afterSuite -->
  <testcase classname="utils.BaseTest" name="@AfterSuite afterSuite" time="0.0">
    <ignored/>
  </testcase> <!-- @AfterSuite afterSuite -->
  <testcase classname="utils.BaseTest" name="@BeforeSuite beforeSuite" time="0.0">
    <ignored/>
  </testcase> <!-- @BeforeSuite beforeSuite -->
  <testcase classname="utils.BaseTest" name="@BeforeSuite beforeSuite" time="0.0">
    <ignored/>
  </testcase> <!-- @BeforeSuite beforeSuite -->
  <testcase classname="utils.BaseTest" name="@BeforeSuite beforeSuite" time="0.0">
    <ignored/>
  </testcase> <!-- @BeforeSuite beforeSuite -->
  <testcase classname="utils.BaseTest" name="@BeforeSuite beforeSuite" time="0.0">
    <ignored/>
  </testcase> <!-- @BeforeSuite beforeSuite -->
  <testcase classname="utils.BaseTest" name="@BeforeSuite beforeSuite" time="0.0">
    <ignored/>
  </testcase> <!-- @BeforeSuite beforeSuite -->
  <testcase classname="utils.BaseTest" name="@BeforeSuite beforeSuite" time="0.0">
    <ignored/>
  </testcase> <!-- @BeforeSuite beforeSuite -->
  <testcase classname="utils.BaseTest" name="@BeforeSuite beforeSuite" time="0.0">
    <ignored/>
  </testcase> <!-- @BeforeSuite beforeSuite -->
  <testcase classname="utils.BaseTest" name="@BeforeSuite beforeSuite" time="0.0">
    <ignored/>
  </testcase> <!-- @BeforeSuite beforeSuite -->
  <testcase classname="utils.BaseTest" name="@BeforeSuite beforeSuite" time="0.0">
    <ignored/>
  </testcase> <!-- @BeforeSuite beforeSuite -->
  <testcase classname="utils.BaseTest" name="@BeforeSuite beforeSuite" time="0.0">
    <ignored/>
  </testcase> <!-- @BeforeSuite beforeSuite -->
  <testcase classname="utils.BaseTest" name="@BeforeSuite beforeSuite" time="0.0">
    <ignored/>
  </testcase> <!-- @BeforeSuite beforeSuite -->
  <testcase classname="utils.BaseTest" name="@BeforeSuite beforeSuite" time="0.0">
    <ignored/>
  </testcase> <!-- @BeforeSuite beforeSuite -->
  <testcase classname="utils.BaseTest" name="@BeforeSuite beforeSuite" time="0.0">
    <ignored/>
  </testcase> <!-- @BeforeSuite beforeSuite -->
  <testcase classname="utils.BaseTest" name="@BeforeSuite beforeSuite" time="0.0">
    <ignored/>
  </testcase> <!-- @BeforeSuite beforeSuite -->
  <testcase classname="utils.BaseTest" name="@BeforeSuite beforeSuite" time="0.0">
    <ignored/>
  </testcase> <!-- @BeforeSuite beforeSuite -->
  <testcase classname="utils.BaseTest" name="@BeforeSuite beforeSuite" time="0.0">
    <ignored/>
  </testcase> <!-- @BeforeSuite beforeSuite -->
  <testcase classname="utils.BaseTest" name="@BeforeSuite beforeSuite" time="0.0">
    <ignored/>
  </testcase> <!-- @BeforeSuite beforeSuite -->
  <testcase classname="utils.BaseTest" name="@BeforeSuite beforeSuite" time="0.0">
    <ignored/>
  </testcase> <!-- @BeforeSuite beforeSuite -->
  <testcase classname="utils.BaseTest" name="@BeforeSuite beforeSuite" time="0.0">
    <ignored/>
  </testcase> <!-- @BeforeSuite beforeSuite -->
  <testcase classname="utils.BaseTest" name="@BeforeSuite beforeSuite" time="0.0">
    <ignored/>
  </testcase> <!-- @BeforeSuite beforeSuite -->
  <testcase classname="utils.BaseTest" name="@BeforeSuite beforeSuite" time="0.0">
    <ignored/>
  </testcase> <!-- @BeforeSuite beforeSuite -->
  <testcase classname="utils.BaseTest" name="@BeforeSuite beforeSuite" time="0.0">
    <ignored/>
  </testcase> <!-- @BeforeSuite beforeSuite -->
  <testcase classname="utils.BaseTest" name="@BeforeSuite beforeSuite" time="0.0">
    <ignored/>
  </testcase> <!-- @BeforeSuite beforeSuite -->
  <testcase classname="utils.BaseTest" name="@BeforeSuite beforeSuite" time="0.0">
    <ignored/>
  </testcase> <!-- @BeforeSuite beforeSuite -->
  <testcase classname="utils.BaseTest" name="@BeforeSuite beforeSuite" time="0.0">
    <ignored/>
  </testcase> <!-- @BeforeSuite beforeSuite -->
  <testcase classname="utils.BaseTest" name="@BeforeSuite beforeSuite" time="0.0">
    <ignored/>
  </testcase> <!-- @BeforeSuite beforeSuite -->
  <testcase classname="utils.BaseTest" name="@BeforeSuite beforeSuite" time="0.0">
    <ignored/>
  </testcase> <!-- @BeforeSuite beforeSuite -->
  <testcase classname="utils.BaseTest" name="@BeforeSuite beforeSuite" time="0.0">
    <ignored/>
  </testcase> <!-- @BeforeSuite beforeSuite -->
  <testcase classname="utils.BaseTest" name="@BeforeSuite beforeSuite" time="0.0">
    <ignored/>
  </testcase> <!-- @BeforeSuite beforeSuite -->
  <testcase classname="utils.BaseTest" name="@BeforeSuite beforeSuite" time="0.0">
    <ignored/>
  </testcase> <!-- @BeforeSuite beforeSuite -->
  <testcase classname="utils.BaseTest" name="@BeforeSuite beforeSuite" time="0.0">
    <ignored/>
  </testcase> <!-- @BeforeSuite beforeSuite -->
  <testcase classname="utils.BaseTest" name="@BeforeSuite beforeSuite" time="0.0">
    <ignored/>
  </testcase> <!-- @BeforeSuite beforeSuite -->
  <testcase classname="utils.BaseTest" name="@BeforeSuite beforeSuite" time="0.0">
    <ignored/>
  </testcase> <!-- @BeforeSuite beforeSuite -->
  <testcase classname="utils.BaseTest" name="@BeforeSuite beforeSuite" time="0.0">
    <ignored/>
  </testcase> <!-- @BeforeSuite beforeSuite -->
  <testcase classname="utils.BaseTest" name="@BeforeSuite beforeSuite" time="0.0">
    <ignored/>
  </testcase> <!-- @BeforeSuite beforeSuite -->
  <testcase classname="admin.UserController" name="test11GetAllSuppliers" time="0.0">
    <ignored/>
  </testcase> <!-- test11GetAllSuppliers -->
  <testcase classname="admin.UserController" name="test05UpdateUploadedUsers" time="0.0">
    <ignored/>
  </testcase> <!-- test05UpdateUploadedUsers -->
  <testcase classname="admin.UserController" name="test06GetUserSupplierDetails" time="0.0">
    <ignored/>
  </testcase> <!-- test06GetUserSupplierDetails -->
  <testcase classname="admin.LotDiamondBidController" name="test13GetAllWonBids" time="0.0">
    <ignored/>
  </testcase> <!-- test13GetAllWonBids -->
</testsuite> <!-- admin -->
