<?xml version="1.0" encoding="UTF-8"?>
<!-- Generated by org.testng.reporters.JUnitReportReporter -->
<testsuite hostname="Samyak6-MainCabin" failures="0" tests="9" name="admin.UserController" time="2.108" errors="1" timestamp="2025-01-25T15:12:01 IST" skipped="8">
  <testcase classname="admin.UserController" name="beforeSuite" time="2.108">
    <error message="A JSONObject text must begin with &#039;{&#039; at 1 [character 2 line 1]" type="org.json.JSONException">
      <![CDATA[org.json.JSONException: A JSONObject text must begin with '{' at 1 [character 2 line 1]
at org.json.JSONTokener.syntaxError(JSONTokener.java:503)
at org.json.JSONObject.<init>(JSONObject.java:213)
at org.json.JSONObject.<init>(JSONObject.java:430)
at utils.BaseTest.beforeSuite(BaseTest.java:38)
at java.base/jdk.internal.reflect.DirectMethodHandleAccessor.invoke(DirectMethodHandleAccessor.java:103)
at java.base/java.lang.reflect.Method.invoke(Method.java:580)
at org.testng.internal.MethodInvocationHelper.invokeMethod(MethodInvocationHelper.java:133)
at org.testng.internal.MethodInvocationHelper.invokeMethodConsideringTimeout(MethodInvocationHelper.java:62)
at org.testng.internal.ConfigInvoker.invokeConfigurationMethod(ConfigInvoker.java:385)
at org.testng.internal.ConfigInvoker.invokeConfigurations(ConfigInvoker.java:321)
at org.testng.SuiteRunner.privateRun(SuiteRunner.java:317)
at org.testng.SuiteRunner.run(SuiteRunner.java:276)
at org.testng.SuiteRunnerWorker.runSuite(SuiteRunnerWorker.java:53)
at org.testng.SuiteRunnerWorker.run(SuiteRunnerWorker.java:96)
at org.testng.TestNG.runSuitesSequentially(TestNG.java:1212)
at org.testng.TestNG.runSuitesLocally(TestNG.java:1134)
at org.testng.TestNG.runSuites(TestNG.java:1063)
at org.testng.TestNG.run(TestNG.java:1031)
at org.testng.remote.AbstractRemoteTestNG.run(AbstractRemoteTestNG.java:115)
at org.testng.remote.RemoteTestNG.initAndRun(RemoteTestNG.java:293)
at org.testng.remote.RemoteTestNG.main(RemoteTestNG.java:91)
]]>
    </error>
  </testcase> <!-- beforeSuite -->
  <system-out/>
  <testcase classname="admin.UserController" name="test09GetAppliedUsersKyc" time="0.000">
    <skipped/>
  </testcase> <!-- test09GetAppliedUsersKyc -->
  <system-out/>
  <testcase classname="admin.UserController" name="test10GetInactiveUsers" time="0.000">
    <skipped/>
  </testcase> <!-- test10GetInactiveUsers -->
  <system-out/>
  <testcase classname="admin.UserController" name="test08GetSupplierDetailsByAuctionId" time="0.000">
    <skipped/>
  </testcase> <!-- test08GetSupplierDetailsByAuctionId -->
  <system-out/>
  <testcase classname="admin.UserController" name="test01GetUserDetails" time="0.000">
    <skipped/>
  </testcase> <!-- test01GetUserDetails -->
  <system-out/>
  <testcase classname="admin.UserController" name="test11GetAllSuppliers">
    <skipped/>
  </testcase> <!-- test11GetAllSuppliers -->
  <system-out/>
  <testcase classname="admin.UserController" name="test06GetUserSupplierDetails">
    <skipped/>
  </testcase> <!-- test06GetUserSupplierDetails -->
  <system-out/>
  <testcase classname="admin.UserController" name="test07GetKycByUserId">
    <skipped/>
  </testcase> <!-- test07GetKycByUserId -->
  <system-out/>
  <testcase classname="admin.UserController" name="test05UpdateUploadedUsers">
    <skipped/>
  </testcase> <!-- test05UpdateUploadedUsers -->
  <system-out/>
</testsuite> <!-- admin.UserController -->
